Using pre-set license

 COMMAND LINE ARGUMENTS:
/Applications/Unity/Hub/Editor/2020.3.2f1/Unity.app/Contents/MacOS/Unity
-adb2
-batchMode
-noUpm
-name
AssetImportWorker0
-projectPath
/Volumes/Projects/UnityProjects/RealMuruGame/RealMuruGame
-logFile
Logs/AssetImportWorker0.log
-srvPort
49703
Successfully changed project path to: /Volumes/Projects/UnityProjects/RealMuruGame/RealMuruGame
/Volumes/Projects/UnityProjects/RealMuruGame/RealMuruGame
Using Asset Import Pipeline V2.
Refreshing native plugins compatible for Editor in 48.95 ms, found 2 plugins.
Preloading 0 native plugins for Editor in 0.00 ms.
Initialize engine version: 2020.3.2f1 (8fd9074bf66c)
[Subsystems] Discovering subsystems at path /Applications/Unity/Hub/Editor/2020.3.2f1/Unity.app/Contents/Resources/UnitySubsystems
[Subsystems] Discovering subsystems at path /Volumes/Projects/UnityProjects/RealMuruGame/RealMuruGame/Assets
GfxDevice: creating device client; threaded=0
2021-04-11 17:53:13.075 Unity[869:10974] Cintiq 22 preferred device: Intel(R) UHD Graphics 630 (low power)
2021-04-11 17:53:13.075 Unity[869:10974] Metal devices available: 1
2021-04-11 17:53:13.075 Unity[869:10974] 0: Intel(R) UHD Graphics 630 (low power)
2021-04-11 17:53:13.075 Unity[869:10974] Using device Intel(R) UHD Graphics 630 (low power)
Initializing Metal device caps: Intel(R) UHD Graphics 630
Shader 'Universal Render Pipeline/Particles/Lit': fallback shader 'Universal Render Pipeline/Particles/SimpleLit' not found
Initialize mono
Mono path[0] = '/Applications/Unity/Hub/Editor/2020.3.2f1/Unity.app/Contents/Managed'
Mono path[1] = '/Applications/Unity/Hub/Editor/2020.3.2f1/Unity.app/Contents/MonoBleedingEdge/lib/mono/unityjit'
Mono config path = '/Applications/Unity/Hub/Editor/2020.3.2f1/Unity.app/Contents/MonoBleedingEdge/etc'
Using monoOptions --debugger-agent=transport=dt_socket,embedding=1,server=y,suspend=n,address=127.0.0.1:56869
Begin MonoManager ReloadAssembly
Registering precompiled unity dll's ...
Register platform support module: /Applications/Unity/Hub/Editor/2020.3.2f1/PlaybackEngines/WebGLSupport/UnityEditor.WebGL.Extensions.dll
Register platform support module: /Applications/Unity/Hub/Editor/2020.3.2f1/Unity.app/Contents/PlaybackEngines/MacStandaloneSupport/UnityEditor.OSXStandalone.Extensions.dll
Register platform support module: /Applications/Unity/Hub/Editor/2020.3.2f1/PlaybackEngines/WindowsStandaloneSupport/UnityEditor.WindowsStandalone.Extensions.dll
Registered in 0.000892 seconds.
Native extension for WindowsStandalone target not found
Native extension for OSXStandalone target not found
Native extension for WebGL target not found
Refreshing native plugins compatible for Editor in 54.03 ms, found 2 plugins.
Preloading 0 native plugins for Editor in 0.00 ms.
Invoked RoslynAnalysisRunner static constructor.
RoslynAnalysisRunner will not be running.
RoslynAnalysisRunner has terminated.
Mono: successfully reloaded assembly
- Completed reload, in  2.916 seconds
Platform modules already initialized, skipping
Registering precompiled user dll's ...
Registered in 0.001000 seconds.
Begin MonoManager ReloadAssembly
Native extension for WindowsStandalone target not found
Native extension for OSXStandalone target not found
Native extension for WebGL target not found
Refreshing native plugins compatible for Editor in 52.41 ms, found 2 plugins.
Preloading 0 native plugins for Editor in 0.00 ms.
Invoked RoslynAnalysisRunner static constructor.
RoslynAnalysisRunner will not be running.
RoslynAnalysisRunner has terminated.
Mono: successfully reloaded assembly
- Completed reload, in  1.160 seconds
Platform modules already initialized, skipping
========================================================================
Worker process is ready to serve import requests
Shader 'Universal Render Pipeline/Particles/Lit': fallback shader 'Universal Render Pipeline/Particles/SimpleLit' not found
Launching external process: /Applications/Unity/Hub/Editor/2020.3.2f1/Unity.app/Contents/Tools/UnityShaderCompiler
Launched and connected shader compiler UnityShaderCompiler after 0.08 seconds
Refreshing native plugins compatible for Editor in 0.46 ms, found 2 plugins.
Preloading 0 native plugins for Editor in 0.00 ms.
Unloading 2968 Unused Serialized files (Serialized files now loaded: 0)
System memory in use before: 207.6 MB.
System memory in use after: 207.7 MB.

Unloading 26 unused Assets to reduce memory usage. Loaded Objects now: 3409.
Total: 3.107238 ms (FindLiveObjects: 0.398877 ms CreateObjectMapping: 0.223039 ms MarkObjects: 2.329936 ms  DeleteObjects: 0.153992 ms)

========================================================================
Received Import Request.
  path: Assets/Scenes/InSideScene 1.unity
  artifactKey: Guid(5a96189fc6d9e4ab29b4abb844ebc015) Importer(815301076,1909f56bfc062723c751e8b465ee728b)
Start importing Assets/Scenes/InSideScene 1.unity using Guid(5a96189fc6d9e4ab29b4abb844ebc015) Importer(815301076,1909f56bfc062723c751e8b465ee728b)  -> (artifact id: 'a84a1de7658840499a947e5807744f6d') in 0.018243 seconds
  Import took 0.024918 seconds .

========================================================================
Received Import Request.
  Time since last request: 5.895485 seconds.
  path: Assets/Scenes/InSideScene.unity
  artifactKey: Guid(c3ce802a2f893488ca8f1118cdf2b738) Importer(815301076,1909f56bfc062723c751e8b465ee728b)
Start importing Assets/Scenes/InSideScene.unity using Guid(c3ce802a2f893488ca8f1118cdf2b738) Importer(815301076,1909f56bfc062723c751e8b465ee728b)  -> (artifact id: '304316eff02ef4883accb390dec95de0') in 0.002506 seconds
  Import took 0.009931 seconds .

========================================================================
Received Import Request.
  Time since last request: 10.857819 seconds.
  path: Assets/Scenes/Kysymys1.unity
  artifactKey: Guid(5a96189fc6d9e4ab29b4abb844ebc015) Importer(815301076,1909f56bfc062723c751e8b465ee728b)
Start importing Assets/Scenes/Kysymys1.unity using Guid(5a96189fc6d9e4ab29b4abb844ebc015) Importer(815301076,1909f56bfc062723c751e8b465ee728b)  -> (artifact id: '9591d784dda0531c527d8e22233d8f18') in 0.001861 seconds
  Import took 0.008601 seconds .

========================================================================
Received Import Request.
  Time since last request: 1.933831 seconds.
  path: Assets/Scenes/Kysymys1 1.unity
  artifactKey: Guid(f1ee364d83aef48f297ff1e2a4cc7a88) Importer(815301076,1909f56bfc062723c751e8b465ee728b)
Start importing Assets/Scenes/Kysymys1 1.unity using Guid(f1ee364d83aef48f297ff1e2a4cc7a88) Importer(815301076,1909f56bfc062723c751e8b465ee728b)  -> (artifact id: '15a5fbffb84fffbbdaefcece0b3d9d07') in 0.002193 seconds
  Import took 0.007356 seconds .

========================================================================
Received Import Request.
  Time since last request: 9.192217 seconds.
  path: Assets/Scenes/Kysymys2.unity
  artifactKey: Guid(f1ee364d83aef48f297ff1e2a4cc7a88) Importer(815301076,1909f56bfc062723c751e8b465ee728b)
Start importing Assets/Scenes/Kysymys2.unity using Guid(f1ee364d83aef48f297ff1e2a4cc7a88) Importer(815301076,1909f56bfc062723c751e8b465ee728b)  -> (artifact id: 'cdde638dbb0331ecfa4162e1fd4368f8') in 0.002153 seconds
  Import took 0.010170 seconds .

========================================================================
Received Import Request.
  Time since last request: 2.158805 seconds.
  path: Assets/Scenes/Kysymys2 1.unity
  artifactKey: Guid(8db3dc088f4ad4338a12930fb5d44172) Importer(815301076,1909f56bfc062723c751e8b465ee728b)
Start importing Assets/Scenes/Kysymys2 1.unity using Guid(8db3dc088f4ad4338a12930fb5d44172) Importer(815301076,1909f56bfc062723c751e8b465ee728b)  -> (artifact id: '7b9a7244f0e873de9ea88399e3fc43fd') in 0.001776 seconds
  Import took 0.008727 seconds .

========================================================================
Received Import Request.
  Time since last request: 7.499448 seconds.
  path: Assets/Scenes/Kysymys3.unity
  artifactKey: Guid(8db3dc088f4ad4338a12930fb5d44172) Importer(815301076,1909f56bfc062723c751e8b465ee728b)
Start importing Assets/Scenes/Kysymys3.unity using Guid(8db3dc088f4ad4338a12930fb5d44172) Importer(815301076,1909f56bfc062723c751e8b465ee728b)  -> (artifact id: '7663af9a545e63bd668e315a8e576806') in 0.002341 seconds
  Import took 0.008867 seconds .

========================================================================
Received Prepare
Registering precompiled user dll's ...
Registered in 0.000888 seconds.
Begin MonoManager ReloadAssembly
Native extension for WindowsStandalone target not found
Native extension for OSXStandalone target not found
Native extension for WebGL target not found
Refreshing native plugins compatible for Editor in 0.48 ms, found 2 plugins.
Preloading 0 native plugins for Editor in 0.00 ms.
Invoked RoslynAnalysisRunner static constructor.
RoslynAnalysisRunner will not be running.
RoslynAnalysisRunner has terminated.
Mono: successfully reloaded assembly
- Completed reload, in  1.012 seconds
Platform modules already initialized, skipping
Shader 'Universal Render Pipeline/Particles/Lit': fallback shader 'Universal Render Pipeline/Particles/SimpleLit' not found
Refreshing native plugins compatible for Editor in 0.48 ms, found 2 plugins.
Preloading 0 native plugins for Editor in 0.00 ms.
Unloading 2859 Unused Serialized files (Serialized files now loaded: 0)
System memory in use before: 201.0 MB.
System memory in use after: 201.1 MB.

Unloading 14 unused Assets to reduce memory usage. Loaded Objects now: 3413.
Total: 3.293222 ms (FindLiveObjects: 0.392482 ms CreateObjectMapping: 0.209761 ms MarkObjects: 2.565806 ms  DeleteObjects: 0.123420 ms)

========================================================================
Received Prepare
Registering precompiled user dll's ...
Registered in 0.000914 seconds.
Begin MonoManager ReloadAssembly
Native extension for WindowsStandalone target not found
Native extension for OSXStandalone target not found
Native extension for WebGL target not found
Refreshing native plugins compatible for Editor in 0.47 ms, found 2 plugins.
Preloading 0 native plugins for Editor in 0.00 ms.
Invoked RoslynAnalysisRunner static constructor.
RoslynAnalysisRunner will not be running.
RoslynAnalysisRunner has terminated.
Mono: successfully reloaded assembly
- Completed reload, in  0.994 seconds
Platform modules already initialized, skipping
Shader 'Universal Render Pipeline/Particles/Lit': fallback shader 'Universal Render Pipeline/Particles/SimpleLit' not found
Refreshing native plugins compatible for Editor in 0.48 ms, found 2 plugins.
Preloading 0 native plugins for Editor in 0.00 ms.
Unloading 2859 Unused Serialized files (Serialized files now loaded: 0)
System memory in use before: 201.3 MB.
System memory in use after: 201.4 MB.

Unloading 14 unused Assets to reduce memory usage. Loaded Objects now: 3417.
Total: 3.333000 ms (FindLiveObjects: 0.406641 ms CreateObjectMapping: 0.220451 ms MarkObjects: 2.580181 ms  DeleteObjects: 0.124029 ms)

========================================================================
Received Prepare
Registering precompiled user dll's ...
Registered in 0.000916 seconds.
Begin MonoManager ReloadAssembly
Native extension for WindowsStandalone target not found
Native extension for OSXStandalone target not found
Native extension for WebGL target not found
Refreshing native plugins compatible for Editor in 0.47 ms, found 2 plugins.
Preloading 0 native plugins for Editor in 0.00 ms.
Invoked RoslynAnalysisRunner static constructor.
RoslynAnalysisRunner will not be running.
RoslynAnalysisRunner has terminated.
Mono: successfully reloaded assembly
- Completed reload, in  0.998 seconds
Platform modules already initialized, skipping
Shader 'Universal Render Pipeline/Particles/Lit': fallback shader 'Universal Render Pipeline/Particles/SimpleLit' not found
Refreshing native plugins compatible for Editor in 0.48 ms, found 2 plugins.
Preloading 0 native plugins for Editor in 0.00 ms.
Unloading 2859 Unused Serialized files (Serialized files now loaded: 0)
System memory in use before: 201.7 MB.
System memory in use after: 201.7 MB.

Unloading 14 unused Assets to reduce memory usage. Loaded Objects now: 3421.
Total: 2.660849 ms (FindLiveObjects: 0.325210 ms CreateObjectMapping: 0.158845 ms MarkObjects: 2.064287 ms  DeleteObjects: 0.111123 ms)

========================================================================
Received Prepare
Registering precompiled user dll's ...
Registered in 0.000944 seconds.
Begin MonoManager ReloadAssembly
Native extension for WindowsStandalone target not found
Native extension for OSXStandalone target not found
Native extension for WebGL target not found
Refreshing native plugins compatible for Editor in 0.49 ms, found 2 plugins.
Preloading 0 native plugins for Editor in 0.00 ms.
Invoked RoslynAnalysisRunner static constructor.
RoslynAnalysisRunner will not be running.
RoslynAnalysisRunner has terminated.
Mono: successfully reloaded assembly
- Completed reload, in  0.994 seconds
Platform modules already initialized, skipping
Shader 'Universal Render Pipeline/Particles/Lit': fallback shader 'Universal Render Pipeline/Particles/SimpleLit' not found
Refreshing native plugins compatible for Editor in 0.47 ms, found 2 plugins.
Preloading 0 native plugins for Editor in 0.00 ms.
Unloading 2859 Unused Serialized files (Serialized files now loaded: 0)
System memory in use before: 202.0 MB.
System memory in use after: 202.1 MB.

Unloading 14 unused Assets to reduce memory usage. Loaded Objects now: 3425.
Total: 3.207736 ms (FindLiveObjects: 0.419119 ms CreateObjectMapping: 0.230943 ms MarkObjects: 2.431711 ms  DeleteObjects: 0.123990 ms)

========================================================================
Received Prepare
Registering precompiled user dll's ...
Registered in 0.000868 seconds.
Begin MonoManager ReloadAssembly
Native extension for WindowsStandalone target not found
Native extension for OSXStandalone target not found
Native extension for WebGL target not found
Refreshing native plugins compatible for Editor in 0.51 ms, found 2 plugins.
Preloading 0 native plugins for Editor in 0.00 ms.
Invoked RoslynAnalysisRunner static constructor.
RoslynAnalysisRunner will not be running.
RoslynAnalysisRunner has terminated.
Mono: successfully reloaded assembly
- Completed reload, in  1.007 seconds
Platform modules already initialized, skipping
Shader 'Universal Render Pipeline/Particles/Lit': fallback shader 'Universal Render Pipeline/Particles/SimpleLit' not found
Refreshing native plugins compatible for Editor in 0.48 ms, found 2 plugins.
Preloading 0 native plugins for Editor in 0.00 ms.
Unloading 2859 Unused Serialized files (Serialized files now loaded: 0)
System memory in use before: 202.3 MB.
System memory in use after: 202.4 MB.

Unloading 14 unused Assets to reduce memory usage. Loaded Objects now: 3429.
Total: 3.187156 ms (FindLiveObjects: 0.387629 ms CreateObjectMapping: 0.211387 ms MarkObjects: 2.463152 ms  DeleteObjects: 0.122960 ms)

========================================================================
Received Prepare
Registering precompiled user dll's ...
Registered in 0.000939 seconds.
Begin MonoManager ReloadAssembly
Native extension for WindowsStandalone target not found
Native extension for OSXStandalone target not found
Native extension for WebGL target not found
Refreshing native plugins compatible for Editor in 0.48 ms, found 2 plugins.
Preloading 0 native plugins for Editor in 0.00 ms.
Invoked RoslynAnalysisRunner static constructor.
RoslynAnalysisRunner will not be running.
RoslynAnalysisRunner has terminated.
Mono: successfully reloaded assembly
- Completed reload, in  1.027 seconds
Platform modules already initialized, skipping
Shader 'Universal Render Pipeline/Particles/Lit': fallback shader 'Universal Render Pipeline/Particles/SimpleLit' not found
Refreshing native plugins compatible for Editor in 0.47 ms, found 2 plugins.
Preloading 0 native plugins for Editor in 0.00 ms.
Unloading 2859 Unused Serialized files (Serialized files now loaded: 0)
System memory in use before: 202.6 MB.
System memory in use after: 202.7 MB.

Unloading 14 unused Assets to reduce memory usage. Loaded Objects now: 3433.
Total: 3.147668 ms (FindLiveObjects: 0.350239 ms CreateObjectMapping: 0.180917 ms MarkObjects: 2.488537 ms  DeleteObjects: 0.126347 ms)

========================================================================
Received Prepare
Registering precompiled user dll's ...
Registered in 0.000876 seconds.
Begin MonoManager ReloadAssembly
Native extension for WindowsStandalone target not found
Native extension for OSXStandalone target not found
Native extension for WebGL target not found
Refreshing native plugins compatible for Editor in 0.48 ms, found 2 plugins.
Preloading 0 native plugins for Editor in 0.00 ms.
Invoked RoslynAnalysisRunner static constructor.
RoslynAnalysisRunner will not be running.
RoslynAnalysisRunner has terminated.
Mono: successfully reloaded assembly
- Completed reload, in  0.999 seconds
Platform modules already initialized, skipping
Shader 'Universal Render Pipeline/Particles/Lit': fallback shader 'Universal Render Pipeline/Particles/SimpleLit' not found
Refreshing native plugins compatible for Editor in 0.47 ms, found 2 plugins.
Preloading 0 native plugins for Editor in 0.00 ms.
Unloading 2859 Unused Serialized files (Serialized files now loaded: 0)
System memory in use before: 203.0 MB.
System memory in use after: 203.0 MB.

Unloading 14 unused Assets to reduce memory usage. Loaded Objects now: 3437.
Total: 3.529701 ms (FindLiveObjects: 0.527103 ms CreateObjectMapping: 0.373471 ms MarkObjects: 2.487135 ms  DeleteObjects: 0.138916 ms)

========================================================================
Received Import Request.
  Time since last request: 1891.943309 seconds.
  path: Assets/Scripts/NewBehaviourScript.cs
  artifactKey: Guid(7477f54e70d124c819c6fcdcb2d5023c) Importer(815301076,1909f56bfc062723c751e8b465ee728b)
Start importing Assets/Scripts/NewBehaviourScript.cs using Guid(7477f54e70d124c819c6fcdcb2d5023c) Importer(815301076,1909f56bfc062723c751e8b465ee728b)  -> (artifact id: '5e02133f12c38af405069006fec8a79e') in 2.672049 seconds
  Import took 2.676312 seconds .

========================================================================
Received Prepare
Registering precompiled user dll's ...
Registered in 0.000878 seconds.
Begin MonoManager ReloadAssembly
Native extension for WindowsStandalone target not found
Native extension for OSXStandalone target not found
Native extension for WebGL target not found
Refreshing native plugins compatible for Editor in 0.47 ms, found 2 plugins.
Preloading 0 native plugins for Editor in 0.00 ms.
Invoked RoslynAnalysisRunner static constructor.
RoslynAnalysisRunner will not be running.
RoslynAnalysisRunner has terminated.
Mono: successfully reloaded assembly
- Completed reload, in  0.993 seconds
Platform modules already initialized, skipping
Shader 'Universal Render Pipeline/Particles/Lit': fallback shader 'Universal Render Pipeline/Particles/SimpleLit' not found
Refreshing native plugins compatible for Editor in 0.47 ms, found 2 plugins.
Preloading 0 native plugins for Editor in 0.00 ms.
Unloading 2860 Unused Serialized files (Serialized files now loaded: 0)
System memory in use before: 207.7 MB.
System memory in use after: 207.8 MB.

Unloading 14 unused Assets to reduce memory usage. Loaded Objects now: 3442.
Total: 3.237070 ms (FindLiveObjects: 0.382596 ms CreateObjectMapping: 0.210411 ms MarkObjects: 2.516465 ms  DeleteObjects: 0.125744 ms)

========================================================================
Received Prepare
Registering precompiled user dll's ...
Registered in 0.000913 seconds.
Begin MonoManager ReloadAssembly
Native extension for WindowsStandalone target not found
Native extension for OSXStandalone target not found
Native extension for WebGL target not found
Refreshing native plugins compatible for Editor in 0.48 ms, found 2 plugins.
Preloading 0 native plugins for Editor in 0.00 ms.
Invoked RoslynAnalysisRunner static constructor.
RoslynAnalysisRunner will not be running.
RoslynAnalysisRunner has terminated.
Mono: successfully reloaded assembly
- Completed reload, in  1.005 seconds
Platform modules already initialized, skipping
Shader 'Universal Render Pipeline/Particles/Lit': fallback shader 'Universal Render Pipeline/Particles/SimpleLit' not found
Refreshing native plugins compatible for Editor in 0.48 ms, found 2 plugins.
Preloading 0 native plugins for Editor in 0.00 ms.
Unloading 2859 Unused Serialized files (Serialized files now loaded: 0)
System memory in use before: 208.0 MB.
System memory in use after: 208.1 MB.

Unloading 15 unused Assets to reduce memory usage. Loaded Objects now: 3445.
Total: 3.239093 ms (FindLiveObjects: 0.385631 ms CreateObjectMapping: 0.208079 ms MarkObjects: 2.519688 ms  DeleteObjects: 0.123953 ms)

========================================================================
Received Import Request.
  Time since last request: 24.783077 seconds.
  path: Assets/Scripts/QuestionsScreen.cs
  artifactKey: Guid(ebd97acd9389b4bc383512018ca68016) Importer(815301076,1909f56bfc062723c751e8b465ee728b)
Start importing Assets/Scripts/QuestionsScreen.cs using Guid(ebd97acd9389b4bc383512018ca68016) Importer(815301076,1909f56bfc062723c751e8b465ee728b)  -> (artifact id: 'f533629b9056b746ed786ea90536a4ce') in 0.005876 seconds
  Import took 0.010638 seconds .

========================================================================
Received Prepare
Registering precompiled user dll's ...
Registered in 0.000920 seconds.
Begin MonoManager ReloadAssembly
Native extension for WindowsStandalone target not found
Native extension for OSXStandalone target not found
Native extension for WebGL target not found
Refreshing native plugins compatible for Editor in 0.48 ms, found 2 plugins.
Preloading 0 native plugins for Editor in 0.00 ms.
Invoked RoslynAnalysisRunner static constructor.
RoslynAnalysisRunner will not be running.
RoslynAnalysisRunner has terminated.
Mono: successfully reloaded assembly
- Completed reload, in  1.023 seconds
Platform modules already initialized, skipping
Shader 'Universal Render Pipeline/Particles/Lit': fallback shader 'Universal Render Pipeline/Particles/SimpleLit' not found
Refreshing native plugins compatible for Editor in 0.47 ms, found 2 plugins.
Preloading 0 native plugins for Editor in 0.00 ms.
Unloading 2860 Unused Serialized files (Serialized files now loaded: 0)
System memory in use before: 208.3 MB.
System memory in use after: 208.4 MB.

Unloading 14 unused Assets to reduce memory usage. Loaded Objects now: 3450.
Total: 2.633072 ms (FindLiveObjects: 0.309392 ms CreateObjectMapping: 0.147911 ms MarkObjects: 2.068897 ms  DeleteObjects: 0.105379 ms)

========================================================================
Received Prepare
Registering precompiled user dll's ...
Registered in 0.000981 seconds.
Begin MonoManager ReloadAssembly
Native extension for WindowsStandalone target not found
Native extension for OSXStandalone target not found
Native extension for WebGL target not found
Refreshing native plugins compatible for Editor in 0.48 ms, found 2 plugins.
Preloading 0 native plugins for Editor in 0.00 ms.
Invoked RoslynAnalysisRunner static constructor.
RoslynAnalysisRunner will not be running.
RoslynAnalysisRunner has terminated.
Mono: successfully reloaded assembly
- Completed reload, in  1.011 seconds
Platform modules already initialized, skipping
Shader 'Universal Render Pipeline/Particles/Lit': fallback shader 'Universal Render Pipeline/Particles/SimpleLit' not found
Refreshing native plugins compatible for Editor in 0.48 ms, found 2 plugins.
Preloading 0 native plugins for Editor in 0.00 ms.
Unloading 2860 Unused Serialized files (Serialized files now loaded: 0)
System memory in use before: 208.7 MB.
System memory in use after: 208.7 MB.

Unloading 14 unused Assets to reduce memory usage. Loaded Objects now: 3454.
Total: 3.288805 ms (FindLiveObjects: 0.390680 ms CreateObjectMapping: 0.212771 ms MarkObjects: 2.553137 ms  DeleteObjects: 0.130378 ms)

========================================================================
Received Prepare
Registering precompiled user dll's ...
Registered in 0.000856 seconds.
Begin MonoManager ReloadAssembly
Native extension for WindowsStandalone target not found
Native extension for OSXStandalone target not found
Native extension for WebGL target not found
Refreshing native plugins compatible for Editor in 0.47 ms, found 2 plugins.
Preloading 0 native plugins for Editor in 0.00 ms.
Invoked RoslynAnalysisRunner static constructor.
RoslynAnalysisRunner will not be running.
RoslynAnalysisRunner has terminated.
Mono: successfully reloaded assembly
- Completed reload, in  1.008 seconds
Platform modules already initialized, skipping
Shader 'Universal Render Pipeline/Particles/Lit': fallback shader 'Universal Render Pipeline/Particles/SimpleLit' not found
Refreshing native plugins compatible for Editor in 0.48 ms, found 2 plugins.
Preloading 0 native plugins for Editor in 0.00 ms.
Unloading 2860 Unused Serialized files (Serialized files now loaded: 0)
System memory in use before: 209.0 MB.
System memory in use after: 209.1 MB.

Unloading 14 unused Assets to reduce memory usage. Loaded Objects now: 3458.
Total: 3.255683 ms (FindLiveObjects: 0.425695 ms CreateObjectMapping: 0.259644 ms MarkObjects: 2.444138 ms  DeleteObjects: 0.124802 ms)

========================================================================
Received Import Request.
  Time since last request: 1039.052381 seconds.
  path: Assets/Scenes/Kysymys1.unity
  artifactKey: Guid(5a96189fc6d9e4ab29b4abb844ebc015) Importer(815301076,1909f56bfc062723c751e8b465ee728b)
Start importing Assets/Scenes/Kysymys1.unity using Guid(5a96189fc6d9e4ab29b4abb844ebc015) Importer(815301076,1909f56bfc062723c751e8b465ee728b)  -> (artifact id: 'a0bd8b1a6cd1a8230ef67699d4ff42f5') in 0.017165 seconds
  Import took 0.023251 seconds .

========================================================================
Received Prepare
Registering precompiled user dll's ...
Registered in 0.000925 seconds.
Begin MonoManager ReloadAssembly
Native extension for WindowsStandalone target not found
Native extension for OSXStandalone target not found
Native extension for WebGL target not found
Refreshing native plugins compatible for Editor in 0.47 ms, found 2 plugins.
Preloading 0 native plugins for Editor in 0.00 ms.
Invoked RoslynAnalysisRunner static constructor.
RoslynAnalysisRunner will not be running.
RoslynAnalysisRunner has terminated.
Mono: successfully reloaded assembly
- Completed reload, in  0.977 seconds
Platform modules already initialized, skipping
Shader 'Universal Render Pipeline/Particles/Lit': fallback shader 'Universal Render Pipeline/Particles/SimpleLit' not found
Refreshing native plugins compatible for Editor in 0.47 ms, found 2 plugins.
Preloading 0 native plugins for Editor in 0.00 ms.
Unloading 2860 Unused Serialized files (Serialized files now loaded: 0)
System memory in use before: 209.3 MB.
System memory in use after: 209.4 MB.

Unloading 14 unused Assets to reduce memory usage. Loaded Objects now: 3462.
Total: 3.091303 ms (FindLiveObjects: 0.395089 ms CreateObjectMapping: 0.202674 ms MarkObjects: 2.371334 ms  DeleteObjects: 0.120754 ms)

========================================================================
Received Import Request.
  Time since last request: 4.390301 seconds.
  path: Assets/Scenes/Kysymys1 1.unity
  artifactKey: Guid(468109317c6e94c6db0d5c330850f3ca) Importer(815301076,1909f56bfc062723c751e8b465ee728b)
Start importing Assets/Scenes/Kysymys1 1.unity using Guid(468109317c6e94c6db0d5c330850f3ca) Importer(815301076,1909f56bfc062723c751e8b465ee728b)  -> (artifact id: 'cc3fe925d4be1e3f36bcbcea0ae8a4ed') in 0.011981 seconds
  Import took 0.016898 seconds .

========================================================================
Received Import Request.
  Time since last request: 9.919354 seconds.
  path: Assets/Scenes/Kysymys2.unity
  artifactKey: Guid(468109317c6e94c6db0d5c330850f3ca) Importer(815301076,1909f56bfc062723c751e8b465ee728b)
Start importing Assets/Scenes/Kysymys2.unity using Guid(468109317c6e94c6db0d5c330850f3ca) Importer(815301076,1909f56bfc062723c751e8b465ee728b)  -> (artifact id: '7cc9496c7eb0e47b4bd93671ce3a5825') in 0.001591 seconds
  Import took 0.007877 seconds .

========================================================================
Received Import Request.
  Time since last request: 2.935806 seconds.
  path: Assets/Scenes/Kysymys2 1.unity
  artifactKey: Guid(48598b022b8f744bbb973226070683ce) Importer(815301076,1909f56bfc062723c751e8b465ee728b)
Start importing Assets/Scenes/Kysymys2 1.unity using Guid(48598b022b8f744bbb973226070683ce) Importer(815301076,1909f56bfc062723c751e8b465ee728b)  -> (artifact id: '08d6f7e96c79ecc0f99a2c6dab9551cc') in 0.003299 seconds
  Import took 0.009299 seconds .

========================================================================
Received Import Request.
  Time since last request: 7.405264 seconds.
  path: Assets/Scenes/Kysymys3.unity
  artifactKey: Guid(48598b022b8f744bbb973226070683ce) Importer(815301076,1909f56bfc062723c751e8b465ee728b)
Start importing Assets/Scenes/Kysymys3.unity using Guid(48598b022b8f744bbb973226070683ce) Importer(815301076,1909f56bfc062723c751e8b465ee728b)  -> (artifact id: 'eb4c9266e450c0c63353ac7549c916f7') in 0.002136 seconds
  Import took 0.009236 seconds .

========================================================================
Received Prepare
Shader 'Universal Render Pipeline/Particles/Lit': fallback shader 'Universal Render Pipeline/Particles/SimpleLit' not found
Refreshing native plugins compatible for Editor in 1.52 ms, found 2 plugins.
Preloading 0 native plugins for Editor in 0.00 ms.
Unloading 12 Unused Serialized files (Serialized files now loaded: 0)
System memory in use before: 153.5 MB.
System memory in use after: 153.6 MB.

Unloading 12 unused Assets to reduce memory usage. Loaded Objects now: 3462.
Total: 3.576391 ms (FindLiveObjects: 0.393463 ms CreateObjectMapping: 0.207191 ms MarkObjects: 2.851101 ms  DeleteObjects: 0.122919 ms)

========================================================================
Received Prepare
Shader 'Universal Render Pipeline/Particles/Lit': fallback shader 'Universal Render Pipeline/Particles/SimpleLit' not found
Refreshing native plugins compatible for Editor in 1.36 ms, found 2 plugins.
Preloading 0 native plugins for Editor in 0.00 ms.
Unloading 12 Unused Serialized files (Serialized files now loaded: 0)
System memory in use before: 153.6 MB.
System memory in use after: 153.7 MB.

Unloading 12 unused Assets to reduce memory usage. Loaded Objects now: 3462.
Total: 3.654177 ms (FindLiveObjects: 0.367041 ms CreateObjectMapping: 0.192926 ms MarkObjects: 2.969526 ms  DeleteObjects: 0.123065 ms)

========================================================================
Received Prepare
Shader 'Universal Render Pipeline/Particles/Lit': fallback shader 'Universal Render Pipeline/Particles/SimpleLit' not found
Refreshing native plugins compatible for Editor in 1.35 ms, found 2 plugins.
Preloading 0 native plugins for Editor in 0.00 ms.
Unloading 12 Unused Serialized files (Serialized files now loaded: 0)
System memory in use before: 153.7 MB.
System memory in use after: 153.8 MB.

Unloading 12 unused Assets to reduce memory usage. Loaded Objects now: 3462.
Total: 3.574816 ms (FindLiveObjects: 0.402428 ms CreateObjectMapping: 0.218630 ms MarkObjects: 2.830638 ms  DeleteObjects: 0.121577 ms)

