Using pre-set license

 COMMAND LINE ARGUMENTS:
/Applications/Unity/Hub/Editor/2020.3.2f1/Unity.app/Contents/MacOS/Unity
-adb2
-batchMode
-noUpm
-name
AssetImportWorker0
-projectPath
/Volumes/Projects/UnityProjects/RealMuruGame/RealMuruGame
-logFile
Logs/AssetImportWorker0.log
-srvPort
49932
Successfully changed project path to: /Volumes/Projects/UnityProjects/RealMuruGame/RealMuruGame
/Volumes/Projects/UnityProjects/RealMuruGame/RealMuruGame
Using Asset Import Pipeline V2.
Refreshing native plugins compatible for Editor in 48.77 ms, found 2 plugins.
Preloading 0 native plugins for Editor in 0.00 ms.
Initialize engine version: 2020.3.2f1 (8fd9074bf66c)
[Subsystems] Discovering subsystems at path /Applications/Unity/Hub/Editor/2020.3.2f1/Unity.app/Contents/Resources/UnitySubsystems
[Subsystems] Discovering subsystems at path /Volumes/Projects/UnityProjects/RealMuruGame/RealMuruGame/Assets
GfxDevice: creating device client; threaded=0
2021-05-12 08:26:27.057 Unity[33470:93970] Cintiq 22 preferred device: AMD Radeon RX 580 (high power, removable)
2021-05-12 08:26:27.057 Unity[33470:93970] Metal devices available: 2
2021-05-12 08:26:27.057 Unity[33470:93970] 0: AMD Radeon RX 580 (high power, removable)
2021-05-12 08:26:27.057 Unity[33470:93970] 1: Intel(R) UHD Graphics 630 (low power)
2021-05-12 08:26:27.057 Unity[33470:93970] Using device AMD Radeon RX 580 (high power, removable)
Initializing Metal device caps: AMD Radeon RX 580
Shader 'Universal Render Pipeline/Particles/Lit': fallback shader 'Universal Render Pipeline/Particles/SimpleLit' not found
Initialize mono
Mono path[0] = '/Applications/Unity/Hub/Editor/2020.3.2f1/Unity.app/Contents/Managed'
Mono path[1] = '/Applications/Unity/Hub/Editor/2020.3.2f1/Unity.app/Contents/MonoBleedingEdge/lib/mono/unityjit'
Mono config path = '/Applications/Unity/Hub/Editor/2020.3.2f1/Unity.app/Contents/MonoBleedingEdge/etc'
Using monoOptions --debugger-agent=transport=dt_socket,embedding=1,server=y,suspend=n,address=127.0.0.1:56470
Begin MonoManager ReloadAssembly
Registering precompiled unity dll's ...
Register platform support module: /Applications/Unity/Hub/Editor/2020.3.2f1/PlaybackEngines/WebGLSupport/UnityEditor.WebGL.Extensions.dll
Register platform support module: /Applications/Unity/Hub/Editor/2020.3.2f1/Unity.app/Contents/PlaybackEngines/MacStandaloneSupport/UnityEditor.OSXStandalone.Extensions.dll
Register platform support module: /Applications/Unity/Hub/Editor/2020.3.2f1/PlaybackEngines/WindowsStandaloneSupport/UnityEditor.WindowsStandalone.Extensions.dll
Registered in 0.000824 seconds.
Native extension for WindowsStandalone target not found
Native extension for OSXStandalone target not found
Native extension for WebGL target not found
Refreshing native plugins compatible for Editor in 51.17 ms, found 2 plugins.
Preloading 0 native plugins for Editor in 0.00 ms.
Invoked RoslynAnalysisRunner static constructor.
RoslynAnalysisRunner will not be running.
RoslynAnalysisRunner has terminated.
Mono: successfully reloaded assembly
- Completed reload, in  4.287 seconds
Platform modules already initialized, skipping
Registering precompiled user dll's ...
Registered in 0.000856 seconds.
Begin MonoManager ReloadAssembly
Native extension for WindowsStandalone target not found
Native extension for OSXStandalone target not found
Native extension for WebGL target not found
Refreshing native plugins compatible for Editor in 51.89 ms, found 2 plugins.
Preloading 0 native plugins for Editor in 0.00 ms.
Invoked RoslynAnalysisRunner static constructor.
RoslynAnalysisRunner will not be running.
RoslynAnalysisRunner has terminated.
Mono: successfully reloaded assembly
- Completed reload, in  1.132 seconds
Platform modules already initialized, skipping
========================================================================
Worker process is ready to serve import requests
Shader 'Universal Render Pipeline/Particles/Lit': fallback shader 'Universal Render Pipeline/Particles/SimpleLit' not found
Launching external process: /Applications/Unity/Hub/Editor/2020.3.2f1/Unity.app/Contents/Tools/UnityShaderCompiler
Launched and connected shader compiler UnityShaderCompiler after 0.01 seconds
Refreshing native plugins compatible for Editor in 0.48 ms, found 2 plugins.
Preloading 0 native plugins for Editor in 0.00 ms.
Unloading 2985 Unused Serialized files (Serialized files now loaded: 0)
System memory in use before: 210.5 MB.
System memory in use after: 210.6 MB.

Unloading 26 unused Assets to reduce memory usage. Loaded Objects now: 3426.
Total: 2.469199 ms (FindLiveObjects: 0.312518 ms CreateObjectMapping: 0.161076 ms MarkObjects: 1.863801 ms  DeleteObjects: 0.130833 ms)

========================================================================
Received Import Request.
  path: Assets/Scripts/Player/PlayerMovements.cs
  artifactKey: Guid(d4c8a298d9ec2486bb7804ae5c0ad3d9) Importer(815301076,1909f56bfc062723c751e8b465ee728b)
Start importing Assets/Scripts/Player/PlayerMovements.cs using Guid(d4c8a298d9ec2486bb7804ae5c0ad3d9) Importer(815301076,1909f56bfc062723c751e8b465ee728b)  -> (artifact id: 'd7451eb11626ae2c79eba1224606815b') in 2.805618 seconds
  Import took 2.809771 seconds .

========================================================================
Received Prepare
Registering precompiled user dll's ...
Registered in 0.000953 seconds.
Begin MonoManager ReloadAssembly
Native extension for WindowsStandalone target not found
Native extension for OSXStandalone target not found
Native extension for WebGL target not found
Refreshing native plugins compatible for Editor in 0.48 ms, found 2 plugins.
Preloading 0 native plugins for Editor in 0.00 ms.
Invoked RoslynAnalysisRunner static constructor.
RoslynAnalysisRunner will not be running.
RoslynAnalysisRunner has terminated.
Mono: successfully reloaded assembly
- Completed reload, in  1.009 seconds
Platform modules already initialized, skipping
Shader 'Universal Render Pipeline/Particles/Lit': fallback shader 'Universal Render Pipeline/Particles/SimpleLit' not found
Refreshing native plugins compatible for Editor in 0.46 ms, found 2 plugins.
Preloading 0 native plugins for Editor in 0.00 ms.
Unloading 2863 Unused Serialized files (Serialized files now loaded: 0)
System memory in use before: 206.9 MB.
System memory in use after: 207.0 MB.

Unloading 14 unused Assets to reduce memory usage. Loaded Objects now: 3430.
Total: 2.170824 ms (FindLiveObjects: 0.256889 ms CreateObjectMapping: 0.121014 ms MarkObjects: 1.694895 ms  DeleteObjects: 0.097037 ms)

========================================================================
Received Import Request.
  Time since last request: 99.722002 seconds.
  path: Assets/Scenes/GameLevelSamu.unity
  artifactKey: Guid(8850f4b76c70f41f9ab7e2ad1deabbf6) Importer(815301076,1909f56bfc062723c751e8b465ee728b)
Start importing Assets/Scenes/GameLevelSamu.unity using Guid(8850f4b76c70f41f9ab7e2ad1deabbf6) Importer(815301076,1909f56bfc062723c751e8b465ee728b)  -> (artifact id: '0e26e6780e66090a7e5910b99f803e52') in 0.011381 seconds
  Import took 0.015563 seconds .

========================================================================
Received Prepare
Registering precompiled user dll's ...
Registered in 0.000906 seconds.
Begin MonoManager ReloadAssembly
Native extension for WindowsStandalone target not found
Native extension for OSXStandalone target not found
Native extension for WebGL target not found
Refreshing native plugins compatible for Editor in 0.49 ms, found 2 plugins.
Preloading 0 native plugins for Editor in 0.00 ms.
Invoked RoslynAnalysisRunner static constructor.
RoslynAnalysisRunner will not be running.
RoslynAnalysisRunner has terminated.
Mono: successfully reloaded assembly
- Completed reload, in  1.035 seconds
Platform modules already initialized, skipping
Shader 'Universal Render Pipeline/Particles/Lit': fallback shader 'Universal Render Pipeline/Particles/SimpleLit' not found
Refreshing native plugins compatible for Editor in 0.47 ms, found 2 plugins.
Preloading 0 native plugins for Editor in 0.00 ms.
Unloading 2863 Unused Serialized files (Serialized files now loaded: 0)
System memory in use before: 207.3 MB.
System memory in use after: 207.4 MB.

Unloading 14 unused Assets to reduce memory usage. Loaded Objects now: 3434.
Total: 2.371102 ms (FindLiveObjects: 0.325696 ms CreateObjectMapping: 0.139709 ms MarkObjects: 1.802556 ms  DeleteObjects: 0.102358 ms)

AssetImportWorkerClient::OnTransportError - code=2 error=End of file
